<?xml version="1.0" encoding="UTF-8"?>
<!-- Generated by org.testng.reporters.JUnitReportReporter -->
<testsuite skipped="0" hostname="DESKTOP-NVSP8IV" name="MyClass1" tests="1" failures="0" timestamp="2020-06-23T01:10:01 IDT" time="14.430" errors="0">
  <testcase name="test01" time="14.430" classname="MyClass1"/>
</testsuite> <!-- MyClass1 -->
