<?xml version="1.0" encoding="UTF-8"?>
<!-- Generated by org.testng.reporters.JUnitReportReporter -->
<testsuite skipped="0" hostname="DESKTOP-NVSP8IV" name="MyClass2" tests="1" failures="0" timestamp="2020-06-19T01:57:52 IDT" time="14.007" errors="0">
  <testcase name="test01" time="14.007" classname="MyClass2"/>
</testsuite> <!-- MyClass2 -->
